<?xml version="1.0" encoding="UTF-8"?>
<!-- Generated by org.testng.reporters.JUnitXMLReporter -->
<testsuite ignored="0" hostname="DESKTOP-4QD2456" failures="0" tests="4" name="Surefire test" time="623.919" errors="0" timestamp="2024-07-22T17:39:18 IST">
  <testcase classname="tests.ticket_july.UnitReadingreportisntfilteringbycustomer" name="T_001_goToCustomer" time="62.133"/>
  <testcase classname="tests.ticket_july.UnitReadingreportisntfilteringbycustomer" name="T_002_verifyReportCategories" time="63.005"/>
  <testcase classname="tests.ticket_july.UnitReadingreportisntfilteringbycustomer" name="T_003_clickOnRunReport" time="210.682"/>
  <testcase classname="tests.ticket_july.UnitReadingreportisntfilteringbycustomer" name="T_004_enterTHeCustomerSearch" time="220.124"/>
</testsuite> <!-- Surefire test -->
