<?xml version="1.0" encoding="UTF-8"?>
<testng-results ignored="0" total="4" passed="4" failed="0" skipped="0">
  <reporter-output>
  </reporter-output>
  <suite started-at="2024-07-22T17:28:54 IST" name="Surefire suite" finished-at="2024-07-22T17:39:18 IST" duration-ms="623919">
    <groups>
    </groups>
    <test started-at="2024-07-22T17:28:54 IST" name="Surefire test" finished-at="2024-07-22T17:39:18 IST" duration-ms="623919">
      <class name="tests.ticket_july.UnitReadingreportisntfilteringbycustomer">
        <test-method is-config="true" signature="initialization()[pri:0, instance:tests.ticket_july.UnitReadingreportisntfilteringbycustomer@765df79d]" started-at="2024-07-22T17:28:54 IST" name="initialization" finished-at="2024-07-22T17:30:02 IST" duration-ms="67135" status="PASS">
          <reporter-output>
          </reporter-output>
        </test-method> <!-- initialization -->
        <test-method signature="T_001_goToCustomer()[pri:0, instance:tests.ticket_july.UnitReadingreportisntfilteringbycustomer@765df79d]" started-at="2024-07-22T17:30:02 IST" name="T_001_goToCustomer" description="T_001_Login the page and go To Report Scrren " finished-at="2024-07-22T17:31:04 IST" duration-ms="62133" status="PASS">
          <reporter-output>
          </reporter-output>
        </test-method> <!-- T_001_goToCustomer -->
        <test-method is-config="true" signature="afterMethodTakeScreenShot(org.testng.ITestResult)[pri:0, instance:tests.ticket_july.UnitReadingreportisntfilteringbycustomer@765df79d]" started-at="2024-07-22T17:31:04 IST" name="afterMethodTakeScreenShot" finished-at="2024-07-22T17:31:04 IST" duration-ms="128" status="PASS">
          <params>
            <param index="0">
              <value>
                <![CDATA[[TestResult name=T_001_goToCustomer status=SUCCESS method=UnitReadingreportisntfilteringbycustomer.T_001_goToCustomer()[pri:0, instance:tests.ticket_july.UnitReadingreportisntfilteringbycustomer@765df79d] output={null}]]]>
              </value>
            </param>
          </params>
          <reporter-output>
          </reporter-output>
        </test-method> <!-- afterMethodTakeScreenShot -->
        <test-method signature="T_002_verifyReportCategories()[pri:1, instance:tests.ticket_july.UnitReadingreportisntfilteringbycustomer@765df79d]" started-at="2024-07-22T17:31:04 IST" name="T_002_verifyReportCategories" description="T_002_verify Report Categories  " finished-at="2024-07-22T17:32:07 IST" duration-ms="63005" status="PASS">
          <reporter-output>
          </reporter-output>
        </test-method> <!-- T_002_verifyReportCategories -->
        <test-method is-config="true" signature="afterMethodTakeScreenShot(org.testng.ITestResult)[pri:0, instance:tests.ticket_july.UnitReadingreportisntfilteringbycustomer@765df79d]" started-at="2024-07-22T17:32:07 IST" name="afterMethodTakeScreenShot" finished-at="2024-07-22T17:32:07 IST" duration-ms="105" status="PASS">
          <params>
            <param index="0">
              <value>
                <![CDATA[[TestResult name=T_002_verifyReportCategories status=SUCCESS method=UnitReadingreportisntfilteringbycustomer.T_002_verifyReportCategories()[pri:1, instance:tests.ticket_july.UnitReadingreportisntfilteringbycustomer@765df79d] output={null}]]]>
              </value>
            </param>
          </params>
          <reporter-output>
          </reporter-output>
        </test-method> <!-- afterMethodTakeScreenShot -->
        <test-method signature="T_003_clickOnRunReport()[pri:2, instance:tests.ticket_july.UnitReadingreportisntfilteringbycustomer@765df79d]" started-at="2024-07-22T17:32:07 IST" name="T_003_clickOnRunReport" description="T_003_click  On Run Report " finished-at="2024-07-22T17:35:38 IST" duration-ms="210682" status="PASS">
          <reporter-output>
          </reporter-output>
        </test-method> <!-- T_003_clickOnRunReport -->
        <test-method is-config="true" signature="afterMethodTakeScreenShot(org.testng.ITestResult)[pri:0, instance:tests.ticket_july.UnitReadingreportisntfilteringbycustomer@765df79d]" started-at="2024-07-22T17:35:38 IST" name="afterMethodTakeScreenShot" finished-at="2024-07-22T17:35:38 IST" duration-ms="120" status="PASS">
          <params>
            <param index="0">
              <value>
                <![CDATA[[TestResult name=T_003_clickOnRunReport status=SUCCESS method=UnitReadingreportisntfilteringbycustomer.T_003_clickOnRunReport()[pri:2, instance:tests.ticket_july.UnitReadingreportisntfilteringbycustomer@765df79d] output={null}]]]>
              </value>
            </param>
          </params>
          <reporter-output>
          </reporter-output>
        </test-method> <!-- afterMethodTakeScreenShot -->
        <test-method signature="T_004_enterTHeCustomerSearch()[pri:3, instance:tests.ticket_july.UnitReadingreportisntfilteringbycustomer@765df79d]" started-at="2024-07-22T17:35:38 IST" name="T_004_enterTHeCustomerSearch" description="T_004_enter The Customer Search " finished-at="2024-07-22T17:39:18 IST" duration-ms="220124" status="PASS">
          <reporter-output>
          </reporter-output>
        </test-method> <!-- T_004_enterTHeCustomerSearch -->
        <test-method is-config="true" signature="afterMethodTakeScreenShot(org.testng.ITestResult)[pri:0, instance:tests.ticket_july.UnitReadingreportisntfilteringbycustomer@765df79d]" started-at="2024-07-22T17:39:18 IST" name="afterMethodTakeScreenShot" finished-at="2024-07-22T17:39:18 IST" duration-ms="86" status="PASS">
          <params>
            <param index="0">
              <value>
                <![CDATA[[TestResult name=T_004_enterTHeCustomerSearch status=SUCCESS method=UnitReadingreportisntfilteringbycustomer.T_004_enterTHeCustomerSearch()[pri:3, instance:tests.ticket_july.UnitReadingreportisntfilteringbycustomer@765df79d] output={null}]]]>
              </value>
            </param>
          </params>
          <reporter-output>
          </reporter-output>
        </test-method> <!-- afterMethodTakeScreenShot -->
        <test-method is-config="true" signature="generateAllure()[pri:0, instance:tests.ticket_july.UnitReadingreportisntfilteringbycustomer@765df79d]" started-at="2024-07-22T17:39:18 IST" name="generateAllure" finished-at="2024-07-22T17:39:30 IST" duration-ms="11367" status="PASS">
          <reporter-output>
          </reporter-output>
        </test-method> <!-- generateAllure -->
      </class> <!-- tests.ticket_july.UnitReadingreportisntfilteringbycustomer -->
    </test> <!-- Surefire test -->
  </suite> <!-- Surefire suite -->
</testng-results>
