<?xml version="1.0" encoding="UTF-8"?>
<testsuite xmlns:xsi="http://www.w3.org/2001/XMLSchema-instance" xsi:noNamespaceSchemaLocation="https://maven.apache.org/surefire/maven-surefire-plugin/xsd/surefire-test-report-3.0.xsd" version="3.0" name="tests.ticket_july.UnitReadingreportisntfilteringbycustomer" time="638.253" tests="4" errors="0" skipped="0" failures="0">
  <properties>
[...]
</properties>
  <testcase name="T_001_goToCustomer" classname="tests.ticket_july.UnitReadingreportisntfilteringbycustomer" time="62.346">
    <system-out><![CDATA[ configFileName :: D:\GitHub_ED/src/test/java/utils/unitreadingreportisntfilteringbycustomer/unitreadingreportisntfilteringbycustomerQA.properties
Enter the browser sucessfully  :https://konatest.brightorder.com/konaqa/faces/index.jsf
WebElement is visible using locator: <[[ChromeDriver: chrome on WINDOWS (ff78b02d93a14f10e7413bef85be906b)] -> xpath: //div[@role='menuitem']]]]><![CDATA[>
WebElement is visible using locator: <[[ChromeDriver: chrome on WINDOWS (ff78b02d93a14f10e7413bef85be906b)] -> xpath: //img[contains(@src,'flag-en_CA')]]]]><![CDATA[>
WebElement is visible using locator: <[[ChromeDriver: chrome on WINDOWS (ff78b02d93a14f10e7413bef85be906b)] -> xpath: //div[@aria-label='English']]]]><![CDATA[>
Inside login.....
WebElement is visible using locator: <[[ChromeDriver: chrome on WINDOWS (ff78b02d93a14f10e7413bef85be906b)] -> name: username]>
WebElement is clickable using locator: <[[ChromeDriver: chrome on WINDOWS (ff78b02d93a14f10e7413bef85be906b)] -> xpath: //div[@id='signin']]]]><![CDATA[>
Loader is found by xpath : [[[ChromeDriver: chrome on WINDOWS (ff78b02d93a14f10e7413bef85be906b)] -> xpath: //h1[contains(.,'Signing In...Please Wait')]]]
Entered in while loop
Entered in while loop
Entered in while loop
Loader is not visible
]]></system-out>
    <system-err><![CDATA[SLF4J: Failed to load class "org.slf4j.impl.StaticLoggerBinder".
SLF4J: Defaulting to no-operation (NOP) logger implementation
SLF4J: See http://www.slf4j.org/codes.html#StaticLoggerBinder for further details.
Starting ChromeDriver 126.0.6478.182 (5b5d8292ddf182f8b2096fa665b473b6317906d5-refs/branch-heads/6478@{#1776}) on port 2814
Only local connections are allowed.
Please see https://chromedriver.chromium.org/security-considerations for suggestions on keeping ChromeDriver safe.
ChromeDriver was started successfully.
Jul 22, 2024 5:29:06 PM org.openqa.selenium.devtools.CdpVersionFinder findNearestMatch
WARNING: Unable to find CDP implementation matching 126
Jul 22, 2024 5:29:06 PM org.openqa.selenium.chromium.ChromiumDriver lambda$new$3
WARNING: Unable to find version of CDP to use for . You may need to include a dependency on a specific version of the CDP using something similar to `org.seleniumhq.selenium:selenium-devtools-v86:4.7.2` where the version ("v86") matches the version of the chromium-based browser you're using and the version number of the artifact is the same as Selenium's.
]]></system-err>
  </testcase>
  <testcase name="T_002_verifyReportCategories" classname="tests.ticket_july.UnitReadingreportisntfilteringbycustomer" time="63.021">
    <system-out><![CDATA[Loader is not visible
Loader is not visible
]]></system-out>
  </testcase>
  <testcase name="T_003_clickOnRunReport" classname="tests.ticket_july.UnitReadingreportisntfilteringbycustomer" time="210.684">
    <system-out><![CDATA[Loader is not visible
Loader is not visible
Loader is not visible
Loader is not visible
]]></system-out>
  </testcase>
  <testcase name="T_004_enterTHeCustomerSearch" classname="tests.ticket_july.UnitReadingreportisntfilteringbycustomer" time="220.125">
    <system-out><![CDATA[Loader is not visible
Loader is not visible
Loader is not visible
WebElement is visible using locator: <[[ChromeDriver: chrome on WINDOWS (ff78b02d93a14f10e7413bef85be906b)] -> xpath: //a[contains(.,'Sign Out')]]]]><![CDATA[>
]]></system-out>
  </testcase>
</testsuite>